<?xml version="1.0" encoding="UTF-8"?>
<robot generator="Robot 3.1.2 (Python 3.7.3 on win32)" generated="20200408 15:39:43.727" rpa="false">
<suite id="s1" name="Locators" source="C:\Users\AvikDatta\PycharmProjects\RobotFramework\RobotDemo\locators.robot">
<test id="s1-t1" name="This is a sample test case">
<kw name="Open Browser" library="SeleniumLibrary">
<doc>Opens a new browser instance to the given ``url``.</doc>
<arguments>
<arg>about:blank</arg>
<arg>@{browser_url}[0]</arg>
</arguments>
<msg timestamp="20200408 15:39:44.644" level="INFO">Opening browser 'chrome' to base url 'about:blank'.</msg>
<status status="PASS" starttime="20200408 15:39:44.640" endtime="20200408 15:39:51.189"></status>
</kw>
<kw name="Maximize Browser Window" library="SeleniumLibrary">
<doc>Maximizes current browser window.</doc>
<status status="PASS" starttime="20200408 15:39:51.198" endtime="20200408 15:39:55.966"></status>
</kw>
<kw name="Go To" library="SeleniumLibrary">
<doc>Navigates the active browser instance to the provided ``url``.</doc>
<arguments>
<arg>@{browser_url}[1]</arg>
</arguments>
<msg timestamp="20200408 15:39:55.970" level="INFO">Opening url 'http://tutorialsninja.com/demo/'</msg>
<status status="PASS" starttime="20200408 15:39:55.969" endtime="20200408 15:40:00.495"></status>
</kw>
<kw name="Mouse Over" library="SeleniumLibrary">
<doc>Simulates hovering mouse over the element ``locator``.</doc>
<arguments>
<arg>${id}</arg>
</arguments>
<msg timestamp="20200408 15:40:00.505" level="INFO">Simulating Mouse Over on element 'id=logo'.</msg>
<status status="PASS" starttime="20200408 15:40:00.504" endtime="20200408 15:40:01.208"></status>
</kw>
<kw name="Sleep" library="BuiltIn">
<doc>Pauses the test executed for the given time.</doc>
<arguments>
<arg>2s</arg>
</arguments>
<msg timestamp="20200408 15:40:03.215" level="INFO">Slept 2 seconds</msg>
<status status="PASS" starttime="20200408 15:40:01.213" endtime="20200408 15:40:03.215"></status>
</kw>
<kw name="Click Element" library="SeleniumLibrary">
<doc>Click element identified by ``locator``.</doc>
<arguments>
<arg>${class}</arg>
</arguments>
<msg timestamp="20200408 15:40:03.251" level="INFO">Clicking element 'class=form-control'.</msg>
<status status="PASS" starttime="20200408 15:40:03.250" endtime="20200408 15:40:03.536"></status>
</kw>
<kw name="Sleep" library="BuiltIn">
<doc>Pauses the test executed for the given time.</doc>
<arguments>
<arg>2s</arg>
</arguments>
<msg timestamp="20200408 15:40:05.539" level="INFO">Slept 2 seconds</msg>
<status status="PASS" starttime="20200408 15:40:03.537" endtime="20200408 15:40:05.539"></status>
</kw>
<kw name="Click Element" library="SeleniumLibrary">
<doc>Click element identified by ``locator``.</doc>
<arguments>
<arg>${xpath}</arg>
</arguments>
<msg timestamp="20200408 15:40:05.540" level="INFO">Clicking element 'xpath=//button[@class='btn btn-inverse btn-block btn-lg dropdown-toggle']'.</msg>
<status status="PASS" starttime="20200408 15:40:05.539" endtime="20200408 15:40:05.686"></status>
</kw>
<kw name="Sleep" library="BuiltIn">
<doc>Pauses the test executed for the given time.</doc>
<arguments>
<arg>2s</arg>
</arguments>
<msg timestamp="20200408 15:40:07.689" level="INFO">Slept 2 seconds</msg>
<status status="PASS" starttime="20200408 15:40:05.686" endtime="20200408 15:40:07.689"></status>
</kw>
<kw name="Click Element" library="SeleniumLibrary">
<doc>Click element identified by ``locator``.</doc>
<arguments>
<arg>${class}</arg>
</arguments>
<msg timestamp="20200408 15:40:07.690" level="INFO">Clicking element 'class=form-control'.</msg>
<status status="PASS" starttime="20200408 15:40:07.690" endtime="20200408 15:40:07.778"></status>
</kw>
<kw name="Sleep" library="BuiltIn">
<doc>Pauses the test executed for the given time.</doc>
<arguments>
<arg>2s</arg>
</arguments>
<msg timestamp="20200408 15:40:09.782" level="INFO">Slept 2 seconds</msg>
<status status="PASS" starttime="20200408 15:40:07.781" endtime="20200408 15:40:09.782"></status>
</kw>
<kw name="Mouse Over" library="SeleniumLibrary">
<doc>Simulates hovering mouse over the element ``locator``.</doc>
<arguments>
<arg>${tag}</arg>
</arguments>
<msg timestamp="20200408 15:40:09.783" level="INFO">Simulating Mouse Over on element 'tag=h1'.</msg>
<status status="PASS" starttime="20200408 15:40:09.782" endtime="20200408 15:40:10.326"></status>
</kw>
<kw name="Sleep" library="BuiltIn">
<doc>Pauses the test executed for the given time.</doc>
<arguments>
<arg>2s</arg>
</arguments>
<msg timestamp="20200408 15:40:12.326" level="INFO">Slept 2 seconds</msg>
<status status="PASS" starttime="20200408 15:40:10.326" endtime="20200408 15:40:12.326"></status>
</kw>
<kw name="Click Element" library="SeleniumLibrary">
<doc>Click element identified by ``locator``.</doc>
<arguments>
<arg>${name}</arg>
</arguments>
<msg timestamp="20200408 15:40:12.327" level="INFO">Clicking element 'search'.</msg>
<status status="PASS" starttime="20200408 15:40:12.326" endtime="20200408 15:40:12.411"></status>
</kw>
<kw name="Sleep" library="BuiltIn">
<doc>Pauses the test executed for the given time.</doc>
<arguments>
<arg>2s</arg>
</arguments>
<msg timestamp="20200408 15:40:14.414" level="INFO">Slept 2 seconds</msg>
<status status="PASS" starttime="20200408 15:40:12.412" endtime="20200408 15:40:14.414"></status>
</kw>
<kw name="Mouse Over" library="SeleniumLibrary">
<doc>Simulates hovering mouse over the element ``locator``.</doc>
<arguments>
<arg>${linktext}</arg>
</arguments>
<msg timestamp="20200408 15:40:14.416" level="INFO">Simulating Mouse Over on element 'link=Cameras'.</msg>
<status status="PASS" starttime="20200408 15:40:14.415" endtime="20200408 15:40:15.053"></status>
</kw>
<kw name="Sleep" library="BuiltIn">
<doc>Pauses the test executed for the given time.</doc>
<arguments>
<arg>2s</arg>
</arguments>
<msg timestamp="20200408 15:40:17.059" level="INFO">Slept 2 seconds</msg>
<status status="PASS" starttime="20200408 15:40:15.056" endtime="20200408 15:40:17.059"></status>
</kw>
<kw name="Mouse Over" library="SeleniumLibrary">
<doc>Simulates hovering mouse over the element ``locator``.</doc>
<arguments>
<arg>${partiallinktext}</arg>
</arguments>
<msg timestamp="20200408 15:40:17.059" level="INFO">Simulating Mouse Over on element 'partial link=Laptops &amp;'.</msg>
<status status="PASS" starttime="20200408 15:40:17.059" endtime="20200408 15:40:17.669"></status>
</kw>
<kw name="Sleep" library="BuiltIn">
<doc>Pauses the test executed for the given time.</doc>
<arguments>
<arg>2s</arg>
</arguments>
<msg timestamp="20200408 15:40:19.671" level="INFO">Slept 2 seconds</msg>
<status status="PASS" starttime="20200408 15:40:17.670" endtime="20200408 15:40:19.671"></status>
</kw>
<kw name="Close Browser" library="SeleniumLibrary">
<doc>Closes the current browser.</doc>
<status status="PASS" starttime="20200408 15:40:19.672" endtime="20200408 15:40:22.111"></status>
</kw>
<status status="PASS" starttime="20200408 15:39:44.638" endtime="20200408 15:40:22.111" critical="yes"></status>
</test>
<status status="PASS" starttime="20200408 15:39:43.734" endtime="20200408 15:40:22.114"></status>
</suite>
<statistics>
<total>
<stat pass="1" fail="0">Critical Tests</stat>
<stat pass="1" fail="0">All Tests</stat>
</total>
<tag>
</tag>
<suite>
<stat pass="1" fail="0" id="s1" name="Locators">Locators</stat>
</suite>
</statistics>
<errors>
<msg timestamp="20200408 15:39:43.711" level="ERROR">Error in file 'C:\Users\AvikDatta\PycharmProjects\RobotFramework\RobotDemo\locators.robot': Invalid syntax in test case 'This is a sample test case': Non-existing setting 'Arguments'.</msg>
</errors>
</robot>
