<?xml version="1.0" encoding="UTF-8"?>
<robot generator="Robot 3.2.1 (Python 3.8.3 on win32)" generated="20200916 12:46:56.392" rpa="false">
<suite id="s1" name="dbTest" source="C:\Users\SHIV\PycharmProjects\RobotFramework\Database Test\dbTest.robot">
<kw name="Connect To Database" library="DatabaseLibrary" type="setup">
<doc>Loads the DB API 2.0 module given `dbapiModuleName` then uses it to
connect to the database using `dbName`, `dbUsername`, and `dbPassword`.</doc>
<arguments>
<arg>pymysql</arg>
<arg>${dbName}</arg>
<arg>${dbUser}</arg>
<arg>${dbPass}</arg>
<arg>${dbHost}</arg>
<arg>${dbPort}</arg>
</arguments>
<msg timestamp="20200916 12:46:56.515" level="INFO">Connecting using : pymysql.connect(db=mydb, user=root, passwd=, host=127.0.0.1, port=3306, charset=None) </msg>
<status status="PASS" starttime="20200916 12:46:56.514" endtime="20200916 12:46:56.541"></status>
</kw>
<test id="s1-t1" name="Delete Record From Table">
<kw name="Execute Sql String" library="DatabaseLibrary">
<doc>Executes the sqlString as SQL commands. Useful to pass arguments to your sql. Set optional input `sansTran` to
True to run command without an explicit transaction commit or rollback.</doc>
<arguments>
<arg>delete from user_info;</arg>
</arguments>
<msg timestamp="20200916 12:46:56.543" level="INFO">Executing : Execute SQL String  |  delete from user_info; </msg>
<status status="PASS" starttime="20200916 12:46:56.542" endtime="20200916 12:46:56.658"></status>
</kw>
<kw name="Execute Sql String" library="DatabaseLibrary">
<doc>Executes the sqlString as SQL commands. Useful to pass arguments to your sql. Set optional input `sansTran` to
True to run command without an explicit transaction commit or rollback.</doc>
<arguments>
<arg>drop table user_info;</arg>
</arguments>
<msg timestamp="20200916 12:46:56.661" level="INFO">Executing : Execute SQL String  |  drop table user_info; </msg>
<status status="PASS" starttime="20200916 12:46:56.660" endtime="20200916 12:46:57.090"></status>
</kw>
<tags>
<tag>delete</tag>
</tags>
<status status="PASS" starttime="20200916 12:46:56.541" endtime="20200916 12:46:57.091" critical="yes"></status>
</test>
<kw name="Disconnect From Database" library="DatabaseLibrary" type="teardown">
<doc>Disconnects from the database.</doc>
<msg timestamp="20200916 12:46:57.094" level="INFO">Executing : Disconnect From Database</msg>
<status status="PASS" starttime="20200916 12:46:57.094" endtime="20200916 12:46:57.095"></status>
</kw>
<status status="PASS" starttime="20200916 12:46:56.398" endtime="20200916 12:46:57.095"></status>
</suite>
<statistics>
<total>
<stat pass="1" fail="0">Critical Tests</stat>
<stat pass="1" fail="0">All Tests</stat>
</total>
<tag>
<stat pass="1" fail="0">delete</stat>
</tag>
<suite>
<stat pass="1" fail="0" id="s1" name="dbTest">dbTest</stat>
</suite>
</statistics>
<errors>
<msg timestamp="20200916 12:46:56.506" level="ERROR">Error in library 'pymysql': Adding keyword 'Connect' failed: Keyword with same name defined multiple times.</msg>
</errors>
</robot>
