<?xml version="1.0" encoding="UTF-8"?>
<robot generator="Robot 3.2.1 (Python 3.8.3 on win32)" generated="20200912 22:56:34.989" rpa="false">
<suite id="s1" name="Menu Handling" source="C:\Users\SHIV\PycharmProjects\RobotFramework\Web Element Interactions\tests\menu_handling.robot">
<test id="s1-t1" name="Test Widget Handling">
<kw name="Browser Open" library="Common" type="setup">
<kw name="Remove Files" library="OperatingSystem">
<doc>Uses `Remove File` to remove multiple files one-by-one.</doc>
<arguments>
<arg>${screenshotDir}selenium-screenshot-1.png</arg>
</arguments>
<msg timestamp="20200912 22:56:35.442" level="INFO" html="yes">File '&lt;a href="file://C:\Users\SHIV\PycharmProjects\RobotFramework\Web Element Interactions\Output\selenium-screenshot-1.png"&gt;C:\Users\SHIV\PycharmProjects\RobotFramework\Web Element Interactions\Output\selenium-screenshot-1.png&lt;/a&gt;' does not exist.</msg>
<status status="PASS" starttime="20200912 22:56:35.442" endtime="20200912 22:56:35.442"></status>
</kw>
<kw name="Open Browser" library="SeleniumLibrary">
<doc>Opens a new browser instance to the optional ``url``.</doc>
<arguments>
<arg>about:blank</arg>
<arg>chrome</arg>
</arguments>
<msg timestamp="20200912 22:56:35.442" level="INFO">Opening browser 'chrome' to base url 'about:blank'.</msg>
<status status="PASS" starttime="20200912 22:56:35.442" endtime="20200912 22:56:39.138"></status>
</kw>
<kw name="Maximize Browser Window" library="SeleniumLibrary">
<doc>Maximizes current browser window.</doc>
<status status="PASS" starttime="20200912 22:56:39.139" endtime="20200912 22:56:41.316"></status>
</kw>
<kw name="Go To" library="SeleniumLibrary">
<doc>Navigates the current browser window to the provided ``url``.</doc>
<arguments>
<arg>${url}</arg>
</arguments>
<msg timestamp="20200912 22:56:41.316" level="INFO">Opening url 'https://demoqa.com/'</msg>
<status status="PASS" starttime="20200912 22:56:41.316" endtime="20200912 22:56:45.725"></status>
</kw>
<kw name="Sleep" library="BuiltIn">
<doc>Pauses the test executed for the given time.</doc>
<arguments>
<arg>2 seconds</arg>
</arguments>
<msg timestamp="20200912 22:56:47.742" level="INFO">Slept 2 seconds</msg>
<status status="PASS" starttime="20200912 22:56:45.725" endtime="20200912 22:56:47.742"></status>
</kw>
<status status="PASS" starttime="20200912 22:56:35.442" endtime="20200912 22:56:47.742"></status>
</kw>
<kw name="Menu">
<kw name="Go To" library="SeleniumLibrary">
<doc>Navigates the current browser window to the provided ``url``.</doc>
<arguments>
<arg>${widgetLink}</arg>
</arguments>
<msg timestamp="20200912 22:56:47.742" level="INFO">Opening url 'https://demoqa.com/widgets'</msg>
<status status="PASS" starttime="20200912 22:56:47.742" endtime="20200912 22:56:49.174"></status>
</kw>
<kw name="Sleep" library="BuiltIn">
<doc>Pauses the test executed for the given time.</doc>
<arguments>
<arg>2 seconds</arg>
</arguments>
<msg timestamp="20200912 22:56:51.182" level="INFO">Slept 2 seconds</msg>
<status status="PASS" starttime="20200912 22:56:49.175" endtime="20200912 22:56:51.182"></status>
</kw>
<kw name="Execute Javascript" library="SeleniumLibrary">
<doc>Executes the given JavaScript code with possible arguments.</doc>
<arguments>
<arg>window.scrollTo(0,600)</arg>
</arguments>
<msg timestamp="20200912 22:56:51.182" level="INFO">Executing JavaScript:
window.scrollTo(0,600)
Without any arguments.</msg>
<status status="PASS" starttime="20200912 22:56:51.182" endtime="20200912 22:56:51.192"></status>
</kw>
<kw name="Click Element" library="SeleniumLibrary">
<doc>Click the element identified by ``locator``.</doc>
<arguments>
<arg>${menuLink}</arg>
</arguments>
<msg timestamp="20200912 22:56:51.194" level="INFO">Clicking element 'xpath=(//li[@id='item-7'])[2]'.</msg>
<status status="PASS" starttime="20200912 22:56:51.193" endtime="20200912 22:56:51.300"></status>
</kw>
<kw name="Wait Until Element Is Visible" library="SeleniumLibrary">
<doc>Waits until the element ``locator`` is visible.</doc>
<arguments>
<arg>${menuTwo}</arg>
</arguments>
<status status="PASS" starttime="20200912 22:56:51.301" endtime="20200912 22:56:51.355"></status>
</kw>
<kw name="Mouse Over" library="SeleniumLibrary">
<doc>Simulates hovering the mouse over the element ``locator``.</doc>
<arguments>
<arg>${menuTwo}</arg>
</arguments>
<msg timestamp="20200912 22:56:51.355" level="INFO">Simulating Mouse Over on element 'xpath=//a[contains(text(),'Item 2')]'.</msg>
<status status="PASS" starttime="20200912 22:56:51.355" endtime="20200912 22:56:51.655"></status>
</kw>
<kw name="Mouse Over" library="SeleniumLibrary">
<doc>Simulates hovering the mouse over the element ``locator``.</doc>
<arguments>
<arg>${subMenuTwo}</arg>
</arguments>
<msg timestamp="20200912 22:56:51.656" level="INFO">Simulating Mouse Over on element 'xpath=//a[contains(text(),'SUB SUB LIST')]'.</msg>
<status status="PASS" starttime="20200912 22:56:51.656" endtime="20200912 22:56:51.939"></status>
</kw>
<kw name="Mouse Over" library="SeleniumLibrary">
<doc>Simulates hovering the mouse over the element ``locator``.</doc>
<arguments>
<arg>${subMenuThree}</arg>
</arguments>
<msg timestamp="20200912 22:56:51.940" level="INFO">Simulating Mouse Over on element 'xpath=//a[contains(text(),'Sub Item 2')]'.</msg>
<status status="PASS" starttime="20200912 22:56:51.940" endtime="20200912 22:56:52.220"></status>
</kw>
<kw name="Click Element" library="SeleniumLibrary">
<doc>Click the element identified by ``locator``.</doc>
<arguments>
<arg>${subMenuThree}</arg>
</arguments>
<msg timestamp="20200912 22:56:52.220" level="INFO">Clicking element 'xpath=//a[contains(text(),'Sub Item 2')]'.</msg>
<status status="PASS" starttime="20200912 22:56:52.220" endtime="20200912 22:56:52.300"></status>
</kw>
<kw name="Sleep" library="BuiltIn">
<doc>Pauses the test executed for the given time.</doc>
<arguments>
<arg>1 seconds</arg>
</arguments>
<msg timestamp="20200912 22:56:53.308" level="INFO">Slept 1 second</msg>
<status status="PASS" starttime="20200912 22:56:52.300" endtime="20200912 22:56:53.308"></status>
</kw>
<status status="PASS" starttime="20200912 22:56:47.742" endtime="20200912 22:56:53.308"></status>
</kw>
<kw name="Select">
<kw name="Execute Javascript" library="SeleniumLibrary">
<doc>Executes the given JavaScript code with possible arguments.</doc>
<arguments>
<arg>window.scrollTo(0,600)</arg>
</arguments>
<msg timestamp="20200912 22:56:53.308" level="INFO">Executing JavaScript:
window.scrollTo(0,600)
Without any arguments.</msg>
<status status="PASS" starttime="20200912 22:56:53.308" endtime="20200912 22:56:53.321"></status>
</kw>
<kw name="Click Element" library="SeleniumLibrary">
<doc>Click the element identified by ``locator``.</doc>
<arguments>
<arg>${selectLink}</arg>
</arguments>
<msg timestamp="20200912 22:56:53.324" level="INFO">Clicking element 'xpath=(//li[@id='item-8'])[2]'.</msg>
<status status="PASS" starttime="20200912 22:56:53.322" endtime="20200912 22:56:53.652"></status>
</kw>
<kw name="Wait Until Element Is Visible" library="SeleniumLibrary">
<doc>Waits until the element ``locator`` is visible.</doc>
<arguments>
<arg>${selectHeader}</arg>
</arguments>
<status status="PASS" starttime="20200912 22:56:53.652" endtime="20200912 22:56:53.700"></status>
</kw>
<kw name="Click Element" library="SeleniumLibrary">
<doc>Click the element identified by ``locator``.</doc>
<arguments>
<arg>${selectValue}</arg>
</arguments>
<msg timestamp="20200912 22:56:53.700" level="INFO">Clicking element 'id=withOptGroup'.</msg>
<status status="PASS" starttime="20200912 22:56:53.700" endtime="20200912 22:56:53.845"></status>
</kw>
<kw name="Press Keys" library="SeleniumLibrary">
<doc>Simulates the user pressing key(s) to an element or on the active browser.</doc>
<arguments>
<arg>${selectValue}</arg>
<arg>A root option</arg>
<arg>TAB</arg>
</arguments>
<msg timestamp="20200912 22:56:53.846" level="INFO">Sending key(s) ('A root option', 'TAB') to id=withOptGroup element.</msg>
<msg timestamp="20200912 22:56:54.256" level="INFO">Sending keys A root option</msg>
<msg timestamp="20200912 22:56:54.521" level="INFO">Pressing special key TAB to element.</msg>
<msg timestamp="20200912 22:56:54.521" level="INFO">Releasing special key TAB.</msg>
<status status="PASS" starttime="20200912 22:56:53.845" endtime="20200912 22:56:54.542"></status>
</kw>
<kw name="Sleep" library="BuiltIn">
<doc>Pauses the test executed for the given time.</doc>
<arguments>
<arg>1 seconds</arg>
</arguments>
<msg timestamp="20200912 22:56:55.551" level="INFO">Slept 1 second</msg>
<status status="PASS" starttime="20200912 22:56:54.543" endtime="20200912 22:56:55.551"></status>
</kw>
<kw name="Set Selenium Speed" library="SeleniumLibrary">
<doc>Sets the delay that is waited after each Selenium command.</doc>
<arguments>
<arg>0.5</arg>
</arguments>
<status status="PASS" starttime="20200912 22:56:55.551" endtime="20200912 22:56:55.551"></status>
</kw>
<kw name="Set Focus To Element" library="SeleniumLibrary">
<doc>Sets the focus to the element identified by ``locator``.</doc>
<arguments>
<arg>${oldSelect}</arg>
</arguments>
<status status="PASS" starttime="20200912 22:56:55.551" endtime="20200912 22:56:56.593"></status>
</kw>
<kw name="Select From List By Label" library="SeleniumLibrary">
<doc>Selects options from selection list ``locator`` by ``labels``.</doc>
<arguments>
<arg>${oldSelect}</arg>
<arg>Yellow</arg>
</arguments>
<msg timestamp="20200912 22:56:56.593" level="INFO">Selecting options from selection list 'xpath=//select[@id='oldSelectMenu']' by label Yellow.</msg>
<status status="PASS" starttime="20200912 22:56:56.593" endtime="20200912 22:57:00.233"></status>
</kw>
<kw name="Select From List By Value" library="SeleniumLibrary">
<doc>Selects options from selection list ``locator`` by ``values``.</doc>
<arguments>
<arg>${oldSelect}</arg>
<arg>6</arg>
</arguments>
<msg timestamp="20200912 22:57:00.233" level="INFO">Selecting options from selection list 'xpath=//select[@id='oldSelectMenu']' by value 6.</msg>
<status status="PASS" starttime="20200912 22:57:00.233" endtime="20200912 22:57:03.849"></status>
</kw>
<kw name="Sleep" library="BuiltIn">
<doc>Pauses the test executed for the given time.</doc>
<arguments>
<arg>1 seconds</arg>
</arguments>
<msg timestamp="20200912 22:57:04.864" level="INFO">Slept 1 second</msg>
<status status="PASS" starttime="20200912 22:57:03.849" endtime="20200912 22:57:04.864"></status>
</kw>
<kw name="Set Focus To Element" library="SeleniumLibrary">
<doc>Sets the focus to the element identified by ``locator``.</doc>
<arguments>
<arg>${multiSelect}</arg>
</arguments>
<status status="PASS" starttime="20200912 22:57:04.864" endtime="20200912 22:57:05.895"></status>
</kw>
<kw name="Press Keys" library="SeleniumLibrary">
<doc>Simulates the user pressing key(s) to an element or on the active browser.</doc>
<arguments>
<arg>${multiSelect}</arg>
<arg>green</arg>
<arg>TAB</arg>
<arg>blu</arg>
<arg>TAB</arg>
<arg>black</arg>
<arg>TAB</arg>
</arguments>
<msg timestamp="20200912 22:57:05.895" level="INFO">Sending key(s) ('green', 'TAB', 'blu', 'TAB', 'black', 'TAB') to xpath=(//div[@class=' css-1hwfws3'])[3] element.</msg>
<msg timestamp="20200912 22:57:07.240" level="INFO">Sending keys green</msg>
<msg timestamp="20200912 22:57:07.811" level="INFO">Pressing special key TAB to element.</msg>
<msg timestamp="20200912 22:57:07.811" level="INFO">Releasing special key TAB.</msg>
<msg timestamp="20200912 22:57:08.346" level="INFO">Sending keys blu</msg>
<msg timestamp="20200912 22:57:08.914" level="INFO">Pressing special key TAB to element.</msg>
<msg timestamp="20200912 22:57:08.914" level="INFO">Releasing special key TAB.</msg>
<msg timestamp="20200912 22:57:09.447" level="INFO">Sending keys black</msg>
<msg timestamp="20200912 22:57:10.030" level="INFO">Pressing special key TAB to element.</msg>
<msg timestamp="20200912 22:57:10.030" level="INFO">Releasing special key TAB.</msg>
<status status="PASS" starttime="20200912 22:57:05.895" endtime="20200912 22:57:10.564"></status>
</kw>
<kw name="Sleep" library="BuiltIn">
<doc>Pauses the test executed for the given time.</doc>
<arguments>
<arg>1 seconds</arg>
</arguments>
<msg timestamp="20200912 22:57:11.568" level="INFO">Slept 1 second</msg>
<status status="PASS" starttime="20200912 22:57:10.564" endtime="20200912 22:57:11.568"></status>
</kw>
<kw name="Set Focus To Element" library="SeleniumLibrary">
<doc>Sets the focus to the element identified by ``locator``.</doc>
<arguments>
<arg>${oldMultiSelect}</arg>
</arguments>
<status status="PASS" starttime="20200912 22:57:11.568" endtime="20200912 22:57:12.606"></status>
</kw>
<kw name="Select All From List" library="SeleniumLibrary">
<doc>Selects all options from multi-selection list ``locator``.</doc>
<arguments>
<arg>${oldMultiSelect}</arg>
</arguments>
<msg timestamp="20200912 22:57:12.607" level="INFO">Selecting all options from list 'id=cars'.</msg>
<status status="PASS" starttime="20200912 22:57:12.606" endtime="20200912 22:57:26.429"></status>
</kw>
<kw name="Get Selected List Labels" library="SeleniumLibrary">
<doc>Returns labels of selected options from selection list ``locator``.</doc>
<arguments>
<arg>${oldMultiSelect}</arg>
</arguments>
<assign>
<var>${listValues}</var>
</assign>
<msg timestamp="20200912 22:57:33.103" level="INFO">${listValues} = ['Volvo', 'Saab', 'Opel', 'Audi']</msg>
<status status="PASS" starttime="20200912 22:57:26.429" endtime="20200912 22:57:33.103"></status>
</kw>
<kw name="List Should Contain Value" library="Collections">
<doc>Fails if the ``value`` is not found from ``list``.</doc>
<arguments>
<arg>${listValues}</arg>
<arg>Volvo</arg>
</arguments>
<status status="PASS" starttime="20200912 22:57:33.103" endtime="20200912 22:57:33.103"></status>
</kw>
<kw name="Set Selenium Speed" library="SeleniumLibrary">
<doc>Sets the delay that is waited after each Selenium command.</doc>
<arguments>
<arg>0</arg>
</arguments>
<status status="PASS" starttime="20200912 22:57:33.103" endtime="20200912 22:57:33.103"></status>
</kw>
<kw name="Log" library="BuiltIn">
<doc>Logs the given message with the given level.</doc>
<arguments>
<arg>All tests are successfully completed!</arg>
</arguments>
<msg timestamp="20200912 22:57:33.103" level="INFO">All tests are successfully completed!</msg>
<status status="PASS" starttime="20200912 22:57:33.103" endtime="20200912 22:57:33.103"></status>
</kw>
<status status="PASS" starttime="20200912 22:56:53.308" endtime="20200912 22:57:33.103"></status>
</kw>
<kw name="Browser Close" library="Common" type="teardown">
<kw name="Close Browser" library="SeleniumLibrary">
<doc>Closes the current browser.</doc>
<status status="PASS" starttime="20200912 22:57:33.103" endtime="20200912 22:57:35.324"></status>
</kw>
<status status="PASS" starttime="20200912 22:57:33.103" endtime="20200912 22:57:35.325"></status>
</kw>
<tags>
<tag>widget</tag>
</tags>
<status status="PASS" starttime="20200912 22:56:35.442" endtime="20200912 22:57:35.325" critical="yes"></status>
</test>
<status status="PASS" starttime="20200912 22:56:34.989" endtime="20200912 22:57:35.328"></status>
</suite>
<statistics>
<total>
<stat pass="1" fail="0">Critical Tests</stat>
<stat pass="1" fail="0">All Tests</stat>
</total>
<tag>
<stat pass="1" fail="0">widget</stat>
</tag>
<suite>
<stat pass="1" fail="0" id="s1" name="Menu Handling">Menu Handling</stat>
</suite>
</statistics>
<errors>
</errors>
</robot>
